<?xml version="1.0" encoding="UTF-8"?>
<robot generator="Robot 4.1.3 (Python 3.10.0 on win32)" generated="20220215 09:18:43.091" rpa="false" schemaversion="2">
<suite id="s1" name="Logintest" source="C:\Users\Sindhumathi\PycharmProjects\pythonProject\FinalProjectRobot\test_cases\logintest.robot">
<test id="s1-t1" name="LoginTest">
<kw name="Open My Browser" library="loginkeyword">
<arg>${siteurl}</arg>
<arg>${browser}</arg>
<kw name="Open Browser" library="SeleniumLibrary">
<arg>${siteurl}</arg>
<arg>${browser}</arg>
<doc>Opens a new browser instance to the optional ``url``.</doc>
<msg timestamp="20220215 09:18:43.275" level="INFO">Opening browser 'chromedriver.exe' to base url 'https://demo.guru99.com/test/newtours/'.</msg>
<msg timestamp="20220215 09:18:43.275" level="INFO">Cannot capture screenshot because no browser is open.</msg>
<msg timestamp="20220215 09:18:43.275" level="FAIL">ValueError: chromedriver.exe is not a supported browser.</msg>
<status status="FAIL" starttime="20220215 09:18:43.275" endtime="20220215 09:18:43.275"/>
</kw>
<kw name="Maximize Browser Window" library="SeleniumLibrary">
<doc>Maximizes current browser window.</doc>
<status status="NOT RUN" starttime="20220215 09:18:43.275" endtime="20220215 09:18:43.275"/>
</kw>
<status status="FAIL" starttime="20220215 09:18:43.275" endtime="20220215 09:18:43.275"/>
</kw>
<kw name="Enter UserName" library="loginkeyword">
<arg>${username}</arg>
<status status="NOT RUN" starttime="20220215 09:18:43.275" endtime="20220215 09:18:43.275"/>
</kw>
<kw name="Enter Password" library="loginkeyword">
<arg>${password}</arg>
<status status="NOT RUN" starttime="20220215 09:18:43.275" endtime="20220215 09:18:43.275"/>
</kw>
<kw name="Click SignIn" library="loginkeyword">
<status status="NOT RUN" starttime="20220215 09:18:43.275" endtime="20220215 09:18:43.275"/>
</kw>
<kw name="Sleep" library="BuiltIn">
<arg>3</arg>
<doc>Pauses the test executed for the given time.</doc>
<status status="NOT RUN" starttime="20220215 09:18:43.275" endtime="20220215 09:18:43.275"/>
</kw>
<kw name="Verify Successful Login" library="loginkeyword">
<status status="NOT RUN" starttime="20220215 09:18:43.275" endtime="20220215 09:18:43.275"/>
</kw>
<kw name="Close My Browser" library="loginkeyword">
<status status="NOT RUN" starttime="20220215 09:18:43.275" endtime="20220215 09:18:43.275"/>
</kw>
<status status="FAIL" starttime="20220215 09:18:43.275" endtime="20220215 09:18:43.275">ValueError: chromedriver.exe is not a supported browser.</status>
</test>
<status status="FAIL" starttime="20220215 09:18:43.105" endtime="20220215 09:18:43.275"/>
</suite>
<statistics>
<total>
<stat pass="0" fail="1" skip="0">All Tests</stat>
</total>
<tag>
</tag>
<suite>
<stat pass="0" fail="1" skip="0" id="s1" name="Logintest">Logintest</stat>
</suite>
</statistics>
<errors>
</errors>
</robot>
